2025-05-17 15:59:57.484 [JavaFX Application Thread] INFO  org.rssreader.controller.LoginController - User 'peti' logged in
2025-05-17 16:00:13.524 [JavaFX Application Thread] INFO  org.rssreader.controller.FeedController - User 'peti' added new feed with URL 'szia.hu'
2025-05-17 16:00:52.520 [JavaFX Application Thread] INFO  org.rssreader.controller.LoginController - User 'peti' logged in
2025-05-17 16:02:34.629 [JavaFX Application Thread] INFO  org.rssreader.controller.LoginController - User 'peti' logged in
2025-05-18 11:08:07.384 [JavaFX Application Thread] WARN  org.rssreader.controller.LoginController - Failed login attempt for username 'asdf'
2025-05-18 11:08:33.543 [JavaFX Application Thread] INFO  org.rssreader.controller.LoginController - User 'atix' logged in
2025-05-18 11:17:06.228 [JavaFX Application Thread] INFO  org.rssreader.controller.LoginController - User 'atix' logged in
2025-05-18 11:20:47.978 [JavaFX Application Thread] INFO  org.rssreader.controller.LoginController - User 'atix' logged in
2025-05-18 11:28:13.910 [JavaFX Application Thread] INFO  org.rssreader.controller.LoginController - User 'atix' logged in
2025-05-18 11:28:23.658 [JavaFX Application Thread] INFO  org.rssreader.controller.FeedController - User 'atix' added new feed with URL 'www.asdf.hu'
2025-05-18 11:31:20.690 [JavaFX Application Thread] INFO  org.rssreader.controller.LoginController - User 'atix' logged in
2025-05-18 11:34:43.780 [JavaFX Application Thread] INFO  org.rssreader.controller.LoginController - User 'atix' logged in
2025-05-18 11:34:56.135 [JavaFX Application Thread] INFO  org.rssreader.controller.FeedController - User 'atix' added new feed with URL 'www.atix.hu'
2025-05-18 11:38:23.218 [JavaFX Application Thread] INFO  org.rssreader.controller.LoginController - User 'atix' logged in
2025-05-18 11:38:37.541 [JavaFX Application Thread] INFO  org.rssreader.controller.FeedController - User 'atix' added new feed with URL 'www.test.hu'
2025-05-18 11:46:16.566 [JavaFX Application Thread] INFO  org.rssreader.controller.LoginController - User 'atix' logged in
2025-05-18 11:46:29.849 [JavaFX Application Thread] INFO  org.rssreader.controller.FeedController - User 'atix' added new feed with URL 'https://prohardver.hu/hirfolyam/anyagok/rss.xml'
2025-05-18 11:46:57.151 [JavaFX Application Thread] INFO  org.rssreader.controller.FeedController - User 'atix' added new feed with URL 'https://prohardver.hu/hirfolyam/anyagok/rss.xml'
2025-05-18 12:00:01.075 [JavaFX Application Thread] INFO  org.rssreader.controller.LoginController - User 'atix' logged in
2025-05-18 12:01:41.338 [JavaFX Application Thread] INFO  org.rssreader.controller.LoginController - User 'atix' logged in
2025-05-18 12:02:40.013 [JavaFX Application Thread] INFO  org.rssreader.controller.LoginController - User 'atix' logged in
2025-05-18 12:04:40.970 [JavaFX Application Thread] WARN  org.rssreader.controller.LoginController - Failed login attempt for username 'atix'
2025-05-18 12:04:44.419 [JavaFX Application Thread] INFO  org.rssreader.controller.LoginController - User 'atix' logged in
2025-05-18 12:04:47.172 [JavaFX Application Thread] WARN  org.mariadb.jdbc.message.server.ErrorPacket - Error: 1064-42000: You have an error in your SQL syntax; check the manual that corresponds to your MariaDB server version for the right syntax to use near 'FROM UserArticle WHERE user = 'atix' AND article_id = 21' at line 1
2025-05-18 12:04:47.186 [JavaFX Application Thread] WARN  org.mariadb.jdbc.message.server.ErrorPacket - Error: 1064-42000: You have an error in your SQL syntax; check the manual that corresponds to your MariaDB server version for the right syntax to use near 'FROM UserArticle WHERE user = 'atix' AND article_id = 22' at line 1
2025-05-18 12:04:47.198 [JavaFX Application Thread] WARN  org.mariadb.jdbc.message.server.ErrorPacket - Error: 1064-42000: You have an error in your SQL syntax; check the manual that corresponds to your MariaDB server version for the right syntax to use near 'FROM UserArticle WHERE user = 'atix' AND article_id = 23' at line 1
2025-05-18 12:04:47.221 [JavaFX Application Thread] WARN  org.mariadb.jdbc.message.server.ErrorPacket - Error: 1064-42000: You have an error in your SQL syntax; check the manual that corresponds to your MariaDB server version for the right syntax to use near 'FROM UserArticle WHERE user = 'atix' AND article_id = 24' at line 1
2025-05-18 12:04:47.234 [JavaFX Application Thread] WARN  org.mariadb.jdbc.message.server.ErrorPacket - Error: 1064-42000: You have an error in your SQL syntax; check the manual that corresponds to your MariaDB server version for the right syntax to use near 'FROM UserArticle WHERE user = 'atix' AND article_id = 25' at line 1
2025-05-18 12:04:47.247 [JavaFX Application Thread] WARN  org.mariadb.jdbc.message.server.ErrorPacket - Error: 1064-42000: You have an error in your SQL syntax; check the manual that corresponds to your MariaDB server version for the right syntax to use near 'FROM UserArticle WHERE user = 'atix' AND article_id = 26' at line 1
2025-05-18 12:04:47.262 [JavaFX Application Thread] WARN  org.mariadb.jdbc.message.server.ErrorPacket - Error: 1064-42000: You have an error in your SQL syntax; check the manual that corresponds to your MariaDB server version for the right syntax to use near 'FROM UserArticle WHERE user = 'atix' AND article_id = 27' at line 1
2025-05-18 12:04:47.281 [JavaFX Application Thread] WARN  org.mariadb.jdbc.message.server.ErrorPacket - Error: 1064-42000: You have an error in your SQL syntax; check the manual that corresponds to your MariaDB server version for the right syntax to use near 'FROM UserArticle WHERE user = 'atix' AND article_id = 28' at line 1
2025-05-18 12:04:47.303 [JavaFX Application Thread] WARN  org.mariadb.jdbc.message.server.ErrorPacket - Error: 1064-42000: You have an error in your SQL syntax; check the manual that corresponds to your MariaDB server version for the right syntax to use near 'FROM UserArticle WHERE user = 'atix' AND article_id = 29' at line 1
2025-05-18 12:04:47.318 [JavaFX Application Thread] WARN  org.mariadb.jdbc.message.server.ErrorPacket - Error: 1064-42000: You have an error in your SQL syntax; check the manual that corresponds to your MariaDB server version for the right syntax to use near 'FROM UserArticle WHERE user = 'atix' AND article_id = 30' at line 1
2025-05-18 12:04:47.338 [JavaFX Application Thread] WARN  org.mariadb.jdbc.message.server.ErrorPacket - Error: 1064-42000: You have an error in your SQL syntax; check the manual that corresponds to your MariaDB server version for the right syntax to use near 'FROM UserArticle WHERE user = 'atix' AND article_id = 31' at line 1
2025-05-18 12:04:47.374 [JavaFX Application Thread] WARN  org.mariadb.jdbc.message.server.ErrorPacket - Error: 1064-42000: You have an error in your SQL syntax; check the manual that corresponds to your MariaDB server version for the right syntax to use near 'FROM UserArticle WHERE user = 'atix' AND article_id = 32' at line 1
2025-05-18 12:04:47.391 [JavaFX Application Thread] WARN  org.mariadb.jdbc.message.server.ErrorPacket - Error: 1064-42000: You have an error in your SQL syntax; check the manual that corresponds to your MariaDB server version for the right syntax to use near 'FROM UserArticle WHERE user = 'atix' AND article_id = 33' at line 1
2025-05-18 12:04:47.404 [JavaFX Application Thread] WARN  org.mariadb.jdbc.message.server.ErrorPacket - Error: 1064-42000: You have an error in your SQL syntax; check the manual that corresponds to your MariaDB server version for the right syntax to use near 'FROM UserArticle WHERE user = 'atix' AND article_id = 34' at line 1
2025-05-18 12:04:47.427 [JavaFX Application Thread] WARN  org.mariadb.jdbc.message.server.ErrorPacket - Error: 1064-42000: You have an error in your SQL syntax; check the manual that corresponds to your MariaDB server version for the right syntax to use near 'FROM UserArticle WHERE user = 'atix' AND article_id = 35' at line 1
2025-05-18 12:04:47.445 [JavaFX Application Thread] WARN  org.mariadb.jdbc.message.server.ErrorPacket - Error: 1064-42000: You have an error in your SQL syntax; check the manual that corresponds to your MariaDB server version for the right syntax to use near 'FROM UserArticle WHERE user = 'atix' AND article_id = 36' at line 1
2025-05-18 12:04:47.456 [JavaFX Application Thread] WARN  org.mariadb.jdbc.message.server.ErrorPacket - Error: 1064-42000: You have an error in your SQL syntax; check the manual that corresponds to your MariaDB server version for the right syntax to use near 'FROM UserArticle WHERE user = 'atix' AND article_id = 37' at line 1
2025-05-18 12:04:47.489 [JavaFX Application Thread] WARN  org.mariadb.jdbc.message.server.ErrorPacket - Error: 1064-42000: You have an error in your SQL syntax; check the manual that corresponds to your MariaDB server version for the right syntax to use near 'FROM UserArticle WHERE user = 'atix' AND article_id = 38' at line 1
2025-05-18 12:04:47.513 [JavaFX Application Thread] WARN  org.mariadb.jdbc.message.server.ErrorPacket - Error: 1064-42000: You have an error in your SQL syntax; check the manual that corresponds to your MariaDB server version for the right syntax to use near 'FROM UserArticle WHERE user = 'atix' AND article_id = 39' at line 1
2025-05-18 12:04:47.527 [JavaFX Application Thread] WARN  org.mariadb.jdbc.message.server.ErrorPacket - Error: 1064-42000: You have an error in your SQL syntax; check the manual that corresponds to your MariaDB server version for the right syntax to use near 'FROM UserArticle WHERE user = 'atix' AND article_id = 40' at line 1
2025-05-18 12:06:40.008 [JavaFX Application Thread] INFO  org.rssreader.controller.LoginController - User 'atix' logged in
2025-05-18 12:06:42.665 [JavaFX Application Thread] WARN  org.mariadb.jdbc.message.server.ErrorPacket - Error: 1054-42S22: Unknown column 'is_favourite' in 'field list'
2025-05-18 12:06:42.677 [JavaFX Application Thread] WARN  org.mariadb.jdbc.message.server.ErrorPacket - Error: 1054-42S22: Unknown column 'is_favourite' in 'field list'
2025-05-18 12:06:42.688 [JavaFX Application Thread] WARN  org.mariadb.jdbc.message.server.ErrorPacket - Error: 1054-42S22: Unknown column 'is_favourite' in 'field list'
2025-05-18 12:06:42.713 [JavaFX Application Thread] WARN  org.mariadb.jdbc.message.server.ErrorPacket - Error: 1054-42S22: Unknown column 'is_favourite' in 'field list'
2025-05-18 12:06:42.728 [JavaFX Application Thread] WARN  org.mariadb.jdbc.message.server.ErrorPacket - Error: 1054-42S22: Unknown column 'is_favourite' in 'field list'
2025-05-18 12:06:42.742 [JavaFX Application Thread] WARN  org.mariadb.jdbc.message.server.ErrorPacket - Error: 1054-42S22: Unknown column 'is_favourite' in 'field list'
2025-05-18 12:06:42.757 [JavaFX Application Thread] WARN  org.mariadb.jdbc.message.server.ErrorPacket - Error: 1054-42S22: Unknown column 'is_favourite' in 'field list'
2025-05-18 12:06:42.773 [JavaFX Application Thread] WARN  org.mariadb.jdbc.message.server.ErrorPacket - Error: 1054-42S22: Unknown column 'is_favourite' in 'field list'
2025-05-18 12:06:42.788 [JavaFX Application Thread] WARN  org.mariadb.jdbc.message.server.ErrorPacket - Error: 1054-42S22: Unknown column 'is_favourite' in 'field list'
2025-05-18 12:06:42.805 [JavaFX Application Thread] WARN  org.mariadb.jdbc.message.server.ErrorPacket - Error: 1054-42S22: Unknown column 'is_favourite' in 'field list'
2025-05-18 12:06:42.824 [JavaFX Application Thread] WARN  org.mariadb.jdbc.message.server.ErrorPacket - Error: 1054-42S22: Unknown column 'is_favourite' in 'field list'
2025-05-18 12:06:42.842 [JavaFX Application Thread] WARN  org.mariadb.jdbc.message.server.ErrorPacket - Error: 1054-42S22: Unknown column 'is_favourite' in 'field list'
2025-05-18 12:06:42.855 [JavaFX Application Thread] WARN  org.mariadb.jdbc.message.server.ErrorPacket - Error: 1054-42S22: Unknown column 'is_favourite' in 'field list'
2025-05-18 12:06:42.867 [JavaFX Application Thread] WARN  org.mariadb.jdbc.message.server.ErrorPacket - Error: 1054-42S22: Unknown column 'is_favourite' in 'field list'
2025-05-18 12:06:42.890 [JavaFX Application Thread] WARN  org.mariadb.jdbc.message.server.ErrorPacket - Error: 1054-42S22: Unknown column 'is_favourite' in 'field list'
2025-05-18 12:06:42.912 [JavaFX Application Thread] WARN  org.mariadb.jdbc.message.server.ErrorPacket - Error: 1054-42S22: Unknown column 'is_favourite' in 'field list'
2025-05-18 12:06:42.926 [JavaFX Application Thread] WARN  org.mariadb.jdbc.message.server.ErrorPacket - Error: 1054-42S22: Unknown column 'is_favourite' in 'field list'
2025-05-18 12:06:42.943 [JavaFX Application Thread] WARN  org.mariadb.jdbc.message.server.ErrorPacket - Error: 1054-42S22: Unknown column 'is_favourite' in 'field list'
2025-05-18 12:06:42.965 [JavaFX Application Thread] WARN  org.mariadb.jdbc.message.server.ErrorPacket - Error: 1054-42S22: Unknown column 'is_favourite' in 'field list'
2025-05-18 12:06:42.986 [JavaFX Application Thread] WARN  org.mariadb.jdbc.message.server.ErrorPacket - Error: 1054-42S22: Unknown column 'is_favourite' in 'field list'
2025-05-18 12:07:21.888 [JavaFX Application Thread] WARN  org.mariadb.jdbc.message.server.ErrorPacket - Error: 1054-42S22: Unknown column 'is_favourite' in 'field list'
2025-05-18 12:07:21.900 [JavaFX Application Thread] WARN  org.mariadb.jdbc.message.server.ErrorPacket - Error: 1054-42S22: Unknown column 'is_favourite' in 'field list'
2025-05-18 12:07:21.912 [JavaFX Application Thread] WARN  org.mariadb.jdbc.message.server.ErrorPacket - Error: 1054-42S22: Unknown column 'is_favourite' in 'field list'
2025-05-18 12:07:21.946 [JavaFX Application Thread] WARN  org.mariadb.jdbc.message.server.ErrorPacket - Error: 1054-42S22: Unknown column 'is_favourite' in 'field list'
2025-05-18 12:07:21.978 [JavaFX Application Thread] WARN  org.mariadb.jdbc.message.server.ErrorPacket - Error: 1054-42S22: Unknown column 'is_favourite' in 'field list'
2025-05-18 12:07:22.015 [JavaFX Application Thread] WARN  org.mariadb.jdbc.message.server.ErrorPacket - Error: 1054-42S22: Unknown column 'is_favourite' in 'field list'
2025-05-18 12:07:22.036 [JavaFX Application Thread] WARN  org.mariadb.jdbc.message.server.ErrorPacket - Error: 1054-42S22: Unknown column 'is_favourite' in 'field list'
2025-05-18 12:07:22.058 [JavaFX Application Thread] WARN  org.mariadb.jdbc.message.server.ErrorPacket - Error: 1054-42S22: Unknown column 'is_favourite' in 'field list'
2025-05-18 12:07:22.072 [JavaFX Application Thread] WARN  org.mariadb.jdbc.message.server.ErrorPacket - Error: 1054-42S22: Unknown column 'is_favourite' in 'field list'
2025-05-18 12:07:22.087 [JavaFX Application Thread] WARN  org.mariadb.jdbc.message.server.ErrorPacket - Error: 1054-42S22: Unknown column 'is_favourite' in 'field list'
2025-05-18 12:07:22.111 [JavaFX Application Thread] WARN  org.mariadb.jdbc.message.server.ErrorPacket - Error: 1054-42S22: Unknown column 'is_favourite' in 'field list'
2025-05-18 12:07:22.130 [JavaFX Application Thread] WARN  org.mariadb.jdbc.message.server.ErrorPacket - Error: 1054-42S22: Unknown column 'is_favourite' in 'field list'
2025-05-18 12:07:22.160 [JavaFX Application Thread] WARN  org.mariadb.jdbc.message.server.ErrorPacket - Error: 1054-42S22: Unknown column 'is_favourite' in 'field list'
2025-05-18 12:07:22.201 [JavaFX Application Thread] WARN  org.mariadb.jdbc.message.server.ErrorPacket - Error: 1054-42S22: Unknown column 'is_favourite' in 'field list'
2025-05-18 12:07:22.219 [JavaFX Application Thread] WARN  org.mariadb.jdbc.message.server.ErrorPacket - Error: 1054-42S22: Unknown column 'is_favourite' in 'field list'
2025-05-18 12:07:22.260 [JavaFX Application Thread] WARN  org.mariadb.jdbc.message.server.ErrorPacket - Error: 1054-42S22: Unknown column 'is_favourite' in 'field list'
2025-05-18 12:07:22.284 [JavaFX Application Thread] WARN  org.mariadb.jdbc.message.server.ErrorPacket - Error: 1054-42S22: Unknown column 'is_favourite' in 'field list'
2025-05-18 12:07:22.355 [JavaFX Application Thread] WARN  org.mariadb.jdbc.message.server.ErrorPacket - Error: 1054-42S22: Unknown column 'is_favourite' in 'field list'
2025-05-18 12:07:22.365 [JavaFX Application Thread] WARN  org.mariadb.jdbc.message.server.ErrorPacket - Error: 1054-42S22: Unknown column 'is_favourite' in 'field list'
2025-05-18 12:07:22.386 [JavaFX Application Thread] WARN  org.mariadb.jdbc.message.server.ErrorPacket - Error: 1054-42S22: Unknown column 'is_favourite' in 'field list'
2025-05-18 12:07:49.038 [JavaFX Application Thread] INFO  org.rssreader.controller.LoginController - User 'atix' logged in
2025-05-18 12:08:34.329 [JavaFX Application Thread] INFO  org.rssreader.controller.FeedController - User 'atix' added new feed with URL 'https://prohardver.hu/hirfolyam/anyagok/rss.xml'
2025-05-18 14:09:48.788 [JavaFX Application Thread] WARN  org.rssreader.controller.LoginController - Failed login attempt for username 'atix'
2025-05-18 14:09:53.243 [JavaFX Application Thread] INFO  org.rssreader.controller.LoginController - User 'atix' logged in
2025-05-18 14:17:28.049 [JavaFX Application Thread] INFO  org.rssreader.controller.LoginController - User 'atix' logged in
2025-05-18 14:32:26.760 [JavaFX Application Thread] INFO  org.rssreader.controller.LoginController - User 'atix' logged in
2025-05-18 14:38:35.788 [JavaFX Application Thread] INFO  org.rssreader.controller.LoginController - User 'atix' logged in
2025-05-18 14:58:03.320 [JavaFX Application Thread] INFO  org.rssreader.controller.LoginController - User 'atix' logged in
2025-05-18 15:05:43.572 [JavaFX Application Thread] INFO  org.rssreader.controller.LoginController - User 'atix' logged in
2025-05-18 16:52:16.119 [JavaFX Application Thread] INFO  org.rssreader.controller.LoginController - User 'peti' logged in
2025-05-18 16:52:29.591 [JavaFX Application Thread] INFO  org.rssreader.service.decorator.CachedFavoriteDecorator - User 'peti' set favorite=true for article 'Elden Ring Nightreign - Bemutatkozik a Guardian'
2025-05-18 16:52:40.420 [JavaFX Application Thread] INFO  org.rssreader.service.decorator.CachedFavoriteDecorator - User 'peti' set favorite=true for article 'Dual Mode-os, Mini LED-es IPS monitor jött az MSI műhelyéből'
2025-05-18 16:57:17.209 [JavaFX Application Thread] INFO  org.rssreader.controller.LoginController - User 'atix' logged in
2025-05-18 16:57:28.091 [JavaFX Application Thread] INFO  org.rssreader.service.decorator.CachedFavoriteDecorator - User 'atix' set favorite=true for article 'Switch 2-re tarthat a Red Dead Redemption 2?'
2025-05-18 16:57:33.751 [JavaFX Application Thread] INFO  org.rssreader.service.decorator.CachedFavoriteDecorator - setRead meghívva
2025-05-18 16:57:33.813 [JavaFX Application Thread] INFO  org.rssreader.service.decorator.CachedFavoriteDecorator - setRead meghívva
2025-05-18 16:57:33.827 [JavaFX Application Thread] INFO  org.rssreader.service.decorator.CachedReadDecorator - User 'atix' set read=true for article 'Switch 2-re tarthat a Red Dead Redemption 2?'
2025-05-18 16:57:37.890 [JavaFX Application Thread] INFO  org.rssreader.service.decorator.CachedFavoriteDecorator - User 'atix' set favorite=false for article 'Switch 2-re tarthat a Red Dead Redemption 2?'
2025-05-18 16:57:38.929 [JavaFX Application Thread] INFO  org.rssreader.service.decorator.CachedFavoriteDecorator - setRead meghívva
2025-05-18 16:57:38.944 [JavaFX Application Thread] INFO  org.rssreader.service.decorator.CachedFavoriteDecorator - setRead meghívva
2025-05-18 16:57:38.956 [JavaFX Application Thread] INFO  org.rssreader.service.decorator.CachedReadDecorator - User 'atix' set read=false for article 'Switch 2-re tarthat a Red Dead Redemption 2?'
2025-05-18 16:57:39.784 [JavaFX Application Thread] INFO  org.rssreader.service.decorator.CachedFavoriteDecorator - User 'atix' set favorite=true for article 'Elden Ring Nightreign - Bemutatkozik a Guardian'
2025-05-18 16:57:40.971 [JavaFX Application Thread] INFO  org.rssreader.service.decorator.CachedFavoriteDecorator - setRead meghívva
2025-05-18 16:57:40.995 [JavaFX Application Thread] INFO  org.rssreader.service.decorator.CachedFavoriteDecorator - setRead meghívva
2025-05-18 16:57:41.013 [JavaFX Application Thread] INFO  org.rssreader.service.decorator.CachedReadDecorator - User 'atix' set read=true for article 'Switch 2-re tarthat a Red Dead Redemption 2?'
2025-05-18 16:57:41.562 [JavaFX Application Thread] INFO  org.rssreader.service.decorator.CachedFavoriteDecorator - setRead meghívva
2025-05-18 16:57:41.582 [JavaFX Application Thread] INFO  org.rssreader.service.decorator.CachedFavoriteDecorator - setRead meghívva
2025-05-18 16:57:41.605 [JavaFX Application Thread] INFO  org.rssreader.service.decorator.CachedReadDecorator - User 'atix' set read=true for article 'Dune Awakening - Középpontban a The Trooper'
2025-05-18 16:57:43.880 [JavaFX Application Thread] INFO  org.rssreader.service.decorator.CachedFavoriteDecorator - User 'atix' set favorite=true for article 'Befellegzett a Call of Duty Warzone Mobile-nak'
2025-05-18 17:06:15.948 [JavaFX Application Thread] INFO  org.rssreader.controller.LoginController - User 'atix' logged in
2025-05-18 17:06:22.656 [JavaFX Application Thread] INFO  org.rssreader.service.decorator.CachedFavoriteDecorator - User 'atix' set favorite=true for article 'Switch 2-re tarthat a Red Dead Redemption 2?'
2025-05-18 17:06:24.591 [JavaFX Application Thread] INFO  org.rssreader.service.decorator.CachedFavoriteDecorator - setRead meghívva
2025-05-18 17:06:24.629 [JavaFX Application Thread] INFO  org.rssreader.service.decorator.CachedFavoriteDecorator - setRead meghívva
2025-05-18 17:06:24.649 [JavaFX Application Thread] INFO  org.rssreader.service.decorator.CachedReadDecorator - User 'atix' set read=true for article 'Dune Awakening - Középpontban a The Trooper'
2025-05-18 17:06:24.882 [JavaFX Application Thread] INFO  org.rssreader.service.decorator.CachedFavoriteDecorator - setRead meghívva
2025-05-18 17:06:24.917 [JavaFX Application Thread] INFO  org.rssreader.service.decorator.CachedFavoriteDecorator - setRead meghívva
2025-05-18 17:06:24.930 [JavaFX Application Thread] INFO  org.rssreader.service.decorator.CachedReadDecorator - User 'atix' set read=true for article 'Elden Ring Nightreign - Bemutatkozik a Guardian'
2025-05-18 17:23:49.588 [JavaFX Application Thread] INFO  org.rssreader.controller.LoginController - User 'atix' logged in
2025-05-18 17:23:58.695 [JavaFX Application Thread] INFO  org.rssreader.service.decorator.CachedFavoriteDecorator - User 'atix' set favorite=true for article 'Switch 2-re tarthat a Red Dead Redemption 2?'
2025-05-18 17:31:43.471 [JavaFX Application Thread] INFO  org.rssreader.controller.LoginController - User 'atix' logged in
2025-05-18 17:31:54.571 [JavaFX Application Thread] INFO  org.rssreader.service.decorator.CachedFavoriteDecorator - User 'atix' set favorite=true for article 'Switch 2-re tarthat a Red Dead Redemption 2?'
2025-05-18 17:31:54.916 [JavaFX Application Thread] INFO  org.rssreader.service.decorator.CachedFavoriteDecorator - User 'atix' set favorite=true for article 'Elden Ring Nightreign - Bemutatkozik a Guardian'
2025-05-18 17:31:55.279 [JavaFX Application Thread] INFO  org.rssreader.service.decorator.CachedFavoriteDecorator - User 'atix' set favorite=true for article 'Befellegzett a Call of Duty Warzone Mobile-nak'
2025-05-18 17:48:30.898 [JavaFX Application Thread] INFO  org.rssreader.controller.LoginController - User 'atix' logged in
2025-05-18 17:48:39.048 [JavaFX Application Thread] INFO  org.rssreader.service.decorator.CachedFavoriteDecorator - User 'atix' set favorite=true for article 'Switch 2-re tarthat a Red Dead Redemption 2?'
2025-05-18 17:48:39.875 [JavaFX Application Thread] INFO  org.rssreader.service.decorator.CachedFavoriteDecorator - setRead meghívva
2025-05-18 17:48:39.885 [JavaFX Application Thread] INFO  org.rssreader.service.decorator.CachedFavoriteDecorator - setRead meghívva
2025-05-18 17:48:39.895 [JavaFX Application Thread] INFO  org.rssreader.service.decorator.CachedReadDecorator - User 'atix' set read=true for article 'Switch 2-re tarthat a Red Dead Redemption 2?'
2025-05-19 05:54:19.315 [JavaFX Application Thread] WARN  org.rssreader.controller.LoginController - Failed login attempt for username 'atix'
2025-05-19 05:54:23.165 [JavaFX Application Thread] INFO  org.rssreader.controller.LoginController - User 'atix' logged in
2025-05-19 05:56:36.393 [JavaFX Application Thread] INFO  org.rssreader.controller.LoginController - User 'atix' logged in
2025-05-19 05:59:34.401 [JavaFX Application Thread] INFO  org.rssreader.controller.LoginController - User 'atix' logged in
2025-05-19 06:03:25.213 [JavaFX Application Thread] INFO  org.rssreader.controller.LoginController - User 'atix' logged in
2025-05-19 06:22:28.554 [JavaFX Application Thread] INFO  org.rssreader.controller.LoginController - User 'atix' logged in
2025-05-19 06:22:34.013 [JavaFX Application Thread] INFO  org.rssreader.service.decorator.CachedFavoriteDecorator - User 'atix' set favorite=true for article 'Switch 2-re tarthat a Red Dead Redemption 2?'
2025-05-19 06:22:37.211 [JavaFX Application Thread] INFO  org.rssreader.service.decorator.CachedFavoriteDecorator - setRead meghívva
2025-05-19 06:22:37.240 [JavaFX Application Thread] INFO  org.rssreader.service.decorator.CachedFavoriteDecorator - setRead meghívva
2025-05-19 06:22:37.261 [JavaFX Application Thread] INFO  org.rssreader.service.decorator.CachedReadDecorator - User 'atix' set read=true for article 'Switch 2-re tarthat a Red Dead Redemption 2?'
2025-05-19 06:26:16.328 [JavaFX Application Thread] INFO  org.rssreader.controller.LoginController - User 'atix' logged in
